==607== Memcheck, a memory error detector
==607== Copyright (C) 2002-2017, and GNU GPL'd, by Julian Seward et al.
==607== Using Valgrind-3.15.0 and LibVEX; rerun with -h for copyright info
==607== Command: ./minishell
==607== Parent PID: 606
==607== 
==607== 
==607== HEAP SUMMARY:
==607==     in use at exit: 204,535 bytes in 215 blocks
==607==   total heap usage: 696 allocs, 481 frees, 225,521 bytes allocated
==607== 
==607== 6 bytes in 1 blocks are still reachable in loss record 1 of 58
==607==    at 0x483B7F3: malloc (in /usr/lib/x86_64-linux-gnu/valgrind/vgpreload_memcheck-amd64-linux.so)
==607==    by 0x493E38E: strdup (strdup.c:42)
==607==    by 0x4AA1AA7: ??? (in /usr/lib/x86_64-linux-gnu/libtinfo.so.6.2)
==607==    by 0x4AA1D9B: _nc_first_db (in /usr/lib/x86_64-linux-gnu/libtinfo.so.6.2)
==607==    by 0x4AABE1E: _nc_read_entry2 (in /usr/lib/x86_64-linux-gnu/libtinfo.so.6.2)
==607==    by 0x4AA49F5: ??? (in /usr/lib/x86_64-linux-gnu/libtinfo.so.6.2)
==607==    by 0x4AA4E04: _nc_setupterm (in /usr/lib/x86_64-linux-gnu/libtinfo.so.6.2)
==607==    by 0x4AA5359: tgetent_sp (in /usr/lib/x86_64-linux-gnu/libtinfo.so.6.2)
==607==    by 0x488075B: _rl_init_terminal_io (in /usr/lib/x86_64-linux-gnu/libreadline.so.8.0)
==607==    by 0x48651FF: rl_initialize (in /usr/lib/x86_64-linux-gnu/libreadline.so.8.0)
==607==    by 0x48654AF: readline (in /usr/lib/x86_64-linux-gnu/libreadline.so.8.0)
==607==    by 0x10960D: sh_ex_readline (main.c:27)
==607== 
{
   <insert_a_suppression_name_here>
   Memcheck:Leak
   match-leak-kinds: reachable
   fun:malloc
   fun:strdup
   obj:/usr/lib/x86_64-linux-gnu/libtinfo.so.6.2
   fun:_nc_first_db
   fun:_nc_read_entry2
   obj:/usr/lib/x86_64-linux-gnu/libtinfo.so.6.2
   fun:_nc_setupterm
   fun:tgetent_sp
   fun:_rl_init_terminal_io
   fun:rl_initialize
   fun:readline
   fun:sh_ex_readline
}
==607== 6 bytes in 1 blocks are still reachable in loss record 2 of 58
==607==    at 0x483B7F3: malloc (in /usr/lib/x86_64-linux-gnu/valgrind/vgpreload_memcheck-amd64-linux.so)
==607==    by 0x493E38E: strdup (strdup.c:42)
==607==    by 0x4AA4E4F: _nc_setupterm (in /usr/lib/x86_64-linux-gnu/libtinfo.so.6.2)
==607==    by 0x4AA5359: tgetent_sp (in /usr/lib/x86_64-linux-gnu/libtinfo.so.6.2)
==607==    by 0x488075B: _rl_init_terminal_io (in /usr/lib/x86_64-linux-gnu/libreadline.so.8.0)
==607==    by 0x48651FF: rl_initialize (in /usr/lib/x86_64-linux-gnu/libreadline.so.8.0)
==607==    by 0x48654AF: readline (in /usr/lib/x86_64-linux-gnu/libreadline.so.8.0)
==607==    by 0x10960D: sh_ex_readline (main.c:27)
==607==    by 0x1098F2: main (main.c:126)
==607== 
{
   <insert_a_suppression_name_here>
   Memcheck:Leak
   match-leak-kinds: reachable
   fun:malloc
   fun:strdup
   fun:_nc_setupterm
   fun:tgetent_sp
   fun:_rl_init_terminal_io
   fun:rl_initialize
   fun:readline
   fun:sh_ex_readline
   fun:main
}
==607== 8 bytes in 1 blocks are still reachable in loss record 3 of 58
==607==    at 0x483B7F3: malloc (in /usr/lib/x86_64-linux-gnu/valgrind/vgpreload_memcheck-amd64-linux.so)
==607==    by 0x488B057: xrealloc (in /usr/lib/x86_64-linux-gnu/libreadline.so.8.0)
==607==    by 0x4876234: ??? (in /usr/lib/x86_64-linux-gnu/libreadline.so.8.0)
==607==    by 0x48767D5: rl_expand_prompt (in /usr/lib/x86_64-linux-gnu/libreadline.so.8.0)
==607==    by 0x4863FE5: rl_set_prompt (in /usr/lib/x86_64-linux-gnu/libreadline.so.8.0)
==607==    by 0x48654AA: readline (in /usr/lib/x86_64-linux-gnu/libreadline.so.8.0)
==607==    by 0x10960D: sh_ex_readline (main.c:27)
==607==    by 0x1098F2: main (main.c:126)
==607== 
{
   <insert_a_suppression_name_here>
   Memcheck:Leak
   match-leak-kinds: reachable
   fun:malloc
   fun:xrealloc
   obj:/usr/lib/x86_64-linux-gnu/libreadline.so.8.0
   fun:rl_expand_prompt
   fun:rl_set_prompt
   fun:readline
   fun:sh_ex_readline
   fun:main
}
==607== 8 bytes in 1 blocks are still reachable in loss record 4 of 58
==607==    at 0x483B7F3: malloc (in /usr/lib/x86_64-linux-gnu/valgrind/vgpreload_memcheck-amd64-linux.so)
==607==    by 0x493E38E: strdup (strdup.c:42)
==607==    by 0x4AAC4F7: _nc_trim_sgr0 (in /usr/lib/x86_64-linux-gnu/libtinfo.so.6.2)
==607==    by 0x4AA5538: tgetent_sp (in /usr/lib/x86_64-linux-gnu/libtinfo.so.6.2)
==607==    by 0x488075B: _rl_init_terminal_io (in /usr/lib/x86_64-linux-gnu/libreadline.so.8.0)
==607==    by 0x48651FF: rl_initialize (in /usr/lib/x86_64-linux-gnu/libreadline.so.8.0)
==607==    by 0x48654AF: readline (in /usr/lib/x86_64-linux-gnu/libreadline.so.8.0)
==607==    by 0x10960D: sh_ex_readline (main.c:27)
==607==    by 0x1098F2: main (main.c:126)
==607== 
{
   <insert_a_suppression_name_here>
   Memcheck:Leak
   match-leak-kinds: reachable
   fun:malloc
   fun:strdup
   fun:_nc_trim_sgr0
   fun:tgetent_sp
   fun:_rl_init_terminal_io
   fun:rl_initialize
   fun:readline
   fun:sh_ex_readline
   fun:main
}
==607== 13 bytes in 1 blocks are still reachable in loss record 5 of 58
==607==    at 0x483B7F3: malloc (in /usr/lib/x86_64-linux-gnu/valgrind/vgpreload_memcheck-amd64-linux.so)
==607==    by 0x488B00C: xmalloc (in /usr/lib/x86_64-linux-gnu/libreadline.so.8.0)
==607==    by 0x4872CF2: ??? (in /usr/lib/x86_64-linux-gnu/libreadline.so.8.0)
==607==    by 0x4865228: rl_initialize (in /usr/lib/x86_64-linux-gnu/libreadline.so.8.0)
==607==    by 0x48654AF: readline (in /usr/lib/x86_64-linux-gnu/libreadline.so.8.0)
==607==    by 0x10960D: sh_ex_readline (main.c:27)
==607==    by 0x1098F2: main (main.c:126)
==607== 
{
   <insert_a_suppression_name_here>
   Memcheck:Leak
   match-leak-kinds: reachable
   fun:malloc
   fun:xmalloc
   obj:/usr/lib/x86_64-linux-gnu/libreadline.so.8.0
   fun:rl_initialize
   fun:readline
   fun:sh_ex_readline
   fun:main
}
==607== 14 bytes in 1 blocks are still reachable in loss record 6 of 58
==607==    at 0x483DFAF: realloc (in /usr/lib/x86_64-linux-gnu/valgrind/vgpreload_memcheck-amd64-linux.so)
==607==    by 0x4AA22C7: _nc_doalloc (in /usr/lib/x86_64-linux-gnu/libtinfo.so.6.2)
==607==    by 0x4AA6C3E: tparm (in /usr/lib/x86_64-linux-gnu/libtinfo.so.6.2)
==607==    by 0x4AAC274: ??? (in /usr/lib/x86_64-linux-gnu/libtinfo.so.6.2)
==607==    by 0x4AAC4E9: _nc_trim_sgr0 (in /usr/lib/x86_64-linux-gnu/libtinfo.so.6.2)
==607==    by 0x4AA5538: tgetent_sp (in /usr/lib/x86_64-linux-gnu/libtinfo.so.6.2)
==607==    by 0x488075B: _rl_init_terminal_io (in /usr/lib/x86_64-linux-gnu/libreadline.so.8.0)
==607==    by 0x48651FF: rl_initialize (in /usr/lib/x86_64-linux-gnu/libreadline.so.8.0)
==607==    by 0x48654AF: readline (in /usr/lib/x86_64-linux-gnu/libreadline.so.8.0)
==607==    by 0x10960D: sh_ex_readline (main.c:27)
==607==    by 0x1098F2: main (main.c:126)
==607== 
{
   <insert_a_suppression_name_here>
   Memcheck:Leak
   match-leak-kinds: reachable
   fun:realloc
   fun:_nc_doalloc
   fun:tparm
   obj:/usr/lib/x86_64-linux-gnu/libtinfo.so.6.2
   fun:_nc_trim_sgr0
   fun:tgetent_sp
   fun:_rl_init_terminal_io
   fun:rl_initialize
   fun:readline
   fun:sh_ex_readline
   fun:main
}
==607== 16 bytes in 1 blocks are still reachable in loss record 7 of 58
==607==    at 0x483B7F3: malloc (in /usr/lib/x86_64-linux-gnu/valgrind/vgpreload_memcheck-amd64-linux.so)
==607==    by 0x4865317: rl_initialize (in /usr/lib/x86_64-linux-gnu/libreadline.so.8.0)
==607==    by 0x48654AF: readline (in /usr/lib/x86_64-linux-gnu/libreadline.so.8.0)
==607==    by 0x10960D: sh_ex_readline (main.c:27)
==607==    by 0x1098F2: main (main.c:126)
==607== 
{
   <insert_a_suppression_name_here>
   Memcheck:Leak
   match-leak-kinds: reachable
   fun:malloc
   fun:rl_initialize
   fun:readline
   fun:sh_ex_readline
   fun:main
}
==607== 18 bytes in 1 blocks are still reachable in loss record 8 of 58
==607==    at 0x483B7F3: malloc (in /usr/lib/x86_64-linux-gnu/valgrind/vgpreload_memcheck-amd64-linux.so)
==607==    by 0x4AA268C: _nc_home_terminfo (in /usr/lib/x86_64-linux-gnu/libtinfo.so.6.2)
==607==    by 0x4AA1D85: _nc_first_db (in /usr/lib/x86_64-linux-gnu/libtinfo.so.6.2)
==607==    by 0x4AABE1E: _nc_read_entry2 (in /usr/lib/x86_64-linux-gnu/libtinfo.so.6.2)
==607==    by 0x4AA49F5: ??? (in /usr/lib/x86_64-linux-gnu/libtinfo.so.6.2)
==607==    by 0x4AA4E04: _nc_setupterm (in /usr/lib/x86_64-linux-gnu/libtinfo.so.6.2)
==607==    by 0x4AA5359: tgetent_sp (in /usr/lib/x86_64-linux-gnu/libtinfo.so.6.2)
==607==    by 0x488075B: _rl_init_terminal_io (in /usr/lib/x86_64-linux-gnu/libreadline.so.8.0)
==607==    by 0x48651FF: rl_initialize (in /usr/lib/x86_64-linux-gnu/libreadline.so.8.0)
==607==    by 0x48654AF: readline (in /usr/lib/x86_64-linux-gnu/libreadline.so.8.0)
==607==    by 0x10960D: sh_ex_readline (main.c:27)
==607==    by 0x1098F2: main (main.c:126)
==607== 
{
   <insert_a_suppression_name_here>
   Memcheck:Leak
   match-leak-kinds: reachable
   fun:malloc
   fun:_nc_home_terminfo
   fun:_nc_first_db
   fun:_nc_read_entry2
   obj:/usr/lib/x86_64-linux-gnu/libtinfo.so.6.2
   fun:_nc_setupterm
   fun:tgetent_sp
   fun:_rl_init_terminal_io
   fun:rl_initialize
   fun:readline
   fun:sh_ex_readline
   fun:main
}
==607== 20 bytes in 1 blocks are still reachable in loss record 9 of 58
==607==    at 0x483B7F3: malloc (in /usr/lib/x86_64-linux-gnu/valgrind/vgpreload_memcheck-amd64-linux.so)
==607==    by 0x488B00C: xmalloc (in /usr/lib/x86_64-linux-gnu/libreadline.so.8.0)
==607==    by 0x48739D3: ??? (in /usr/lib/x86_64-linux-gnu/libreadline.so.8.0)
==607==    by 0x4872818: rl_parse_and_bind (in /usr/lib/x86_64-linux-gnu/libreadline.so.8.0)
==607==    by 0x4872C6C: ??? (in /usr/lib/x86_64-linux-gnu/libreadline.so.8.0)
==607==    by 0x4865228: rl_initialize (in /usr/lib/x86_64-linux-gnu/libreadline.so.8.0)
==607==    by 0x48654AF: readline (in /usr/lib/x86_64-linux-gnu/libreadline.so.8.0)
==607==    by 0x10960D: sh_ex_readline (main.c:27)
==607==    by 0x1098F2: main (main.c:126)
==607== 
{
   <insert_a_suppression_name_here>
   Memcheck:Leak
   match-leak-kinds: reachable
   fun:malloc
   fun:xmalloc
   obj:/usr/lib/x86_64-linux-gnu/libreadline.so.8.0
   fun:rl_parse_and_bind
   obj:/usr/lib/x86_64-linux-gnu/libreadline.so.8.0
   fun:rl_initialize
   fun:readline
   fun:sh_ex_readline
   fun:main
}
==607== 35 bytes in 1 blocks are still reachable in loss record 10 of 58
==607==    at 0x483B7F3: malloc (in /usr/lib/x86_64-linux-gnu/valgrind/vgpreload_memcheck-amd64-linux.so)
==607==    by 0x488B00C: xmalloc (in /usr/lib/x86_64-linux-gnu/libreadline.so.8.0)
==607==    by 0x4864010: rl_set_prompt (in /usr/lib/x86_64-linux-gnu/libreadline.so.8.0)
==607==    by 0x48654AA: readline (in /usr/lib/x86_64-linux-gnu/libreadline.so.8.0)
==607==    by 0x10960D: sh_ex_readline (main.c:27)
==607==    by 0x1098F2: main (main.c:126)
==607== 
{
   <insert_a_suppression_name_here>
   Memcheck:Leak
   match-leak-kinds: reachable
   fun:malloc
   fun:xmalloc
   fun:rl_set_prompt
   fun:readline
   fun:sh_ex_readline
   fun:main
}
==607== 35 bytes in 1 blocks are still reachable in loss record 11 of 58
==607==    at 0x483B7F3: malloc (in /usr/lib/x86_64-linux-gnu/valgrind/vgpreload_memcheck-amd64-linux.so)
==607==    by 0x488B00C: xmalloc (in /usr/lib/x86_64-linux-gnu/libreadline.so.8.0)
==607==    by 0x487663E: ??? (in /usr/lib/x86_64-linux-gnu/libreadline.so.8.0)
==607==    by 0x48767D5: rl_expand_prompt (in /usr/lib/x86_64-linux-gnu/libreadline.so.8.0)
==607==    by 0x4863FE5: rl_set_prompt (in /usr/lib/x86_64-linux-gnu/libreadline.so.8.0)
==607==    by 0x48654AA: readline (in /usr/lib/x86_64-linux-gnu/libreadline.so.8.0)
==607==    by 0x10960D: sh_ex_readline (main.c:27)
==607==    by 0x1098F2: main (main.c:126)
==607== 
{
   <insert_a_suppression_name_here>
   Memcheck:Leak
   match-leak-kinds: reachable
   fun:malloc
   fun:xmalloc
   obj:/usr/lib/x86_64-linux-gnu/libreadline.so.8.0
   fun:rl_expand_prompt
   fun:rl_set_prompt
   fun:readline
   fun:sh_ex_readline
   fun:main
}
==607== 46 bytes in 1 blocks are still reachable in loss record 12 of 58
==607==    at 0x483DFAF: realloc (in /usr/lib/x86_64-linux-gnu/valgrind/vgpreload_memcheck-amd64-linux.so)
==607==    by 0x4AA22C7: _nc_doalloc (in /usr/lib/x86_64-linux-gnu/libtinfo.so.6.2)
==607==    by 0x4AAB504: _nc_read_termtype (in /usr/lib/x86_64-linux-gnu/libtinfo.so.6.2)
==607==    by 0x4AAB91C: ??? (in /usr/lib/x86_64-linux-gnu/libtinfo.so.6.2)
==607==    by 0x4AABD13: ??? (in /usr/lib/x86_64-linux-gnu/libtinfo.so.6.2)
==607==    by 0x4AABE44: _nc_read_entry2 (in /usr/lib/x86_64-linux-gnu/libtinfo.so.6.2)
==607==    by 0x4AA49F5: ??? (in /usr/lib/x86_64-linux-gnu/libtinfo.so.6.2)
==607==    by 0x4AA4E04: _nc_setupterm (in /usr/lib/x86_64-linux-gnu/libtinfo.so.6.2)
==607==    by 0x4AA5359: tgetent_sp (in /usr/lib/x86_64-linux-gnu/libtinfo.so.6.2)
==607==    by 0x488075B: _rl_init_terminal_io (in /usr/lib/x86_64-linux-gnu/libreadline.so.8.0)
==607==    by 0x48651FF: rl_initialize (in /usr/lib/x86_64-linux-gnu/libreadline.so.8.0)
==607==    by 0x48654AF: readline (in /usr/lib/x86_64-linux-gnu/libreadline.so.8.0)
==607== 
{
   <insert_a_suppression_name_here>
   Memcheck:Leak
   match-leak-kinds: reachable
   fun:realloc
   fun:_nc_doalloc
   fun:_nc_read_termtype
   obj:/usr/lib/x86_64-linux-gnu/libtinfo.so.6.2
   obj:/usr/lib/x86_64-linux-gnu/libtinfo.so.6.2
   fun:_nc_read_entry2
   obj:/usr/lib/x86_64-linux-gnu/libtinfo.so.6.2
   fun:_nc_setupterm
   fun:tgetent_sp
   fun:_rl_init_terminal_io
   fun:rl_initialize
   fun:readline
}
==607== 46 bytes in 1 blocks are still reachable in loss record 13 of 58
==607==    at 0x483B7F3: malloc (in /usr/lib/x86_64-linux-gnu/valgrind/vgpreload_memcheck-amd64-linux.so)
==607==    by 0x4AA018E: ??? (in /usr/lib/x86_64-linux-gnu/libtinfo.so.6.2)
==607==    by 0x4AA4E1B: _nc_setupterm (in /usr/lib/x86_64-linux-gnu/libtinfo.so.6.2)
==607==    by 0x4AA5359: tgetent_sp (in /usr/lib/x86_64-linux-gnu/libtinfo.so.6.2)
==607==    by 0x488075B: _rl_init_terminal_io (in /usr/lib/x86_64-linux-gnu/libreadline.so.8.0)
==607==    by 0x48651FF: rl_initialize (in /usr/lib/x86_64-linux-gnu/libreadline.so.8.0)
==607==    by 0x48654AF: readline (in /usr/lib/x86_64-linux-gnu/libreadline.so.8.0)
==607==    by 0x10960D: sh_ex_readline (main.c:27)
==607==    by 0x1098F2: main (main.c:126)
==607== 
{
   <insert_a_suppression_name_here>
   Memcheck:Leak
   match-leak-kinds: reachable
   fun:malloc
   obj:/usr/lib/x86_64-linux-gnu/libtinfo.so.6.2
   fun:_nc_setupterm
   fun:tgetent_sp
   fun:_rl_init_terminal_io
   fun:rl_initialize
   fun:readline
   fun:sh_ex_readline
   fun:main
}
==607== 48 bytes in 1 blocks are still reachable in loss record 14 of 58
==607==    at 0x483DD99: calloc (in /usr/lib/x86_64-linux-gnu/valgrind/vgpreload_memcheck-amd64-linux.so)
==607==    by 0x4AA1E9B: _nc_first_db (in /usr/lib/x86_64-linux-gnu/libtinfo.so.6.2)
==607==    by 0x4AABE1E: _nc_read_entry2 (in /usr/lib/x86_64-linux-gnu/libtinfo.so.6.2)
==607==    by 0x4AA49F5: ??? (in /usr/lib/x86_64-linux-gnu/libtinfo.so.6.2)
==607==    by 0x4AA4E04: _nc_setupterm (in /usr/lib/x86_64-linux-gnu/libtinfo.so.6.2)
==607==    by 0x4AA5359: tgetent_sp (in /usr/lib/x86_64-linux-gnu/libtinfo.so.6.2)
==607==    by 0x488075B: _rl_init_terminal_io (in /usr/lib/x86_64-linux-gnu/libreadline.so.8.0)
==607==    by 0x48651FF: rl_initialize (in /usr/lib/x86_64-linux-gnu/libreadline.so.8.0)
==607==    by 0x48654AF: readline (in /usr/lib/x86_64-linux-gnu/libreadline.so.8.0)
==607==    by 0x10960D: sh_ex_readline (main.c:27)
==607==    by 0x1098F2: main (main.c:126)
==607== 
{
   <insert_a_suppression_name_here>
   Memcheck:Leak
   match-leak-kinds: reachable
   fun:calloc
   fun:_nc_first_db
   fun:_nc_read_entry2
   obj:/usr/lib/x86_64-linux-gnu/libtinfo.so.6.2
   fun:_nc_setupterm
   fun:tgetent_sp
   fun:_rl_init_terminal_io
   fun:rl_initialize
   fun:readline
   fun:sh_ex_readline
   fun:main
}
==607== 78 bytes in 1 blocks are still reachable in loss record 15 of 58
==607==    at 0x483B7F3: malloc (in /usr/lib/x86_64-linux-gnu/valgrind/vgpreload_memcheck-amd64-linux.so)
==607==    by 0x4AA01FF: ??? (in /usr/lib/x86_64-linux-gnu/libtinfo.so.6.2)
==607==    by 0x4AA4E1B: _nc_setupterm (in /usr/lib/x86_64-linux-gnu/libtinfo.so.6.2)
==607==    by 0x4AA5359: tgetent_sp (in /usr/lib/x86_64-linux-gnu/libtinfo.so.6.2)
==607==    by 0x488075B: _rl_init_terminal_io (in /usr/lib/x86_64-linux-gnu/libreadline.so.8.0)
==607==    by 0x48651FF: rl_initialize (in /usr/lib/x86_64-linux-gnu/libreadline.so.8.0)
==607==    by 0x48654AF: readline (in /usr/lib/x86_64-linux-gnu/libreadline.so.8.0)
==607==    by 0x10960D: sh_ex_readline (main.c:27)
==607==    by 0x1098F2: main (main.c:126)
==607== 
{
   <insert_a_suppression_name_here>
   Memcheck:Leak
   match-leak-kinds: reachable
   fun:malloc
   obj:/usr/lib/x86_64-linux-gnu/libtinfo.so.6.2
   fun:_nc_setupterm
   fun:tgetent_sp
   fun:_rl_init_terminal_io
   fun:rl_initialize
   fun:readline
   fun:sh_ex_readline
   fun:main
}
==607== 87 bytes in 1 blocks are still reachable in loss record 16 of 58
==607==    at 0x483B7F3: malloc (in /usr/lib/x86_64-linux-gnu/valgrind/vgpreload_memcheck-amd64-linux.so)
==607==    by 0x4AA1E04: _nc_first_db (in /usr/lib/x86_64-linux-gnu/libtinfo.so.6.2)
==607==    by 0x4AABE1E: _nc_read_entry2 (in /usr/lib/x86_64-linux-gnu/libtinfo.so.6.2)
==607==    by 0x4AA49F5: ??? (in /usr/lib/x86_64-linux-gnu/libtinfo.so.6.2)
==607==    by 0x4AA4E04: _nc_setupterm (in /usr/lib/x86_64-linux-gnu/libtinfo.so.6.2)
==607==    by 0x4AA5359: tgetent_sp (in /usr/lib/x86_64-linux-gnu/libtinfo.so.6.2)
==607==    by 0x488075B: _rl_init_terminal_io (in /usr/lib/x86_64-linux-gnu/libreadline.so.8.0)
==607==    by 0x48651FF: rl_initialize (in /usr/lib/x86_64-linux-gnu/libreadline.so.8.0)
==607==    by 0x48654AF: readline (in /usr/lib/x86_64-linux-gnu/libreadline.so.8.0)
==607==    by 0x10960D: sh_ex_readline (main.c:27)
==607==    by 0x1098F2: main (main.c:126)
==607== 
{
   <insert_a_suppression_name_here>
   Memcheck:Leak
   match-leak-kinds: reachable
   fun:malloc
   fun:_nc_first_db
   fun:_nc_read_entry2
   obj:/usr/lib/x86_64-linux-gnu/libtinfo.so.6.2
   fun:_nc_setupterm
   fun:tgetent_sp
   fun:_rl_init_terminal_io
   fun:rl_initialize
   fun:readline
   fun:sh_ex_readline
   fun:main
}
==607== 94 bytes in 1 blocks are still reachable in loss record 17 of 58
==607==    at 0x483B7F3: malloc (in /usr/lib/x86_64-linux-gnu/valgrind/vgpreload_memcheck-amd64-linux.so)
==607==    by 0x4AA6542: _nc_tparm_analyze (in /usr/lib/x86_64-linux-gnu/libtinfo.so.6.2)
==607==    by 0x4AA67CB: tparm (in /usr/lib/x86_64-linux-gnu/libtinfo.so.6.2)
==607==    by 0x4AAC274: ??? (in /usr/lib/x86_64-linux-gnu/libtinfo.so.6.2)
==607==    by 0x4AAC4E9: _nc_trim_sgr0 (in /usr/lib/x86_64-linux-gnu/libtinfo.so.6.2)
==607==    by 0x4AA5538: tgetent_sp (in /usr/lib/x86_64-linux-gnu/libtinfo.so.6.2)
==607==    by 0x488075B: _rl_init_terminal_io (in /usr/lib/x86_64-linux-gnu/libreadline.so.8.0)
==607==    by 0x48651FF: rl_initialize (in /usr/lib/x86_64-linux-gnu/libreadline.so.8.0)
==607==    by 0x48654AF: readline (in /usr/lib/x86_64-linux-gnu/libreadline.so.8.0)
==607==    by 0x10960D: sh_ex_readline (main.c:27)
==607==    by 0x1098F2: main (main.c:126)
==607== 
{
   <insert_a_suppression_name_here>
   Memcheck:Leak
   match-leak-kinds: reachable
   fun:malloc
   fun:_nc_tparm_analyze
   fun:tparm
   obj:/usr/lib/x86_64-linux-gnu/libtinfo.so.6.2
   fun:_nc_trim_sgr0
   fun:tgetent_sp
   fun:_rl_init_terminal_io
   fun:rl_initialize
   fun:readline
   fun:sh_ex_readline
   fun:main
}
==607== 156 bytes in 1 blocks are still reachable in loss record 18 of 58
==607==    at 0x483DFAF: realloc (in /usr/lib/x86_64-linux-gnu/valgrind/vgpreload_memcheck-amd64-linux.so)
==607==    by 0x4AA22C7: _nc_doalloc (in /usr/lib/x86_64-linux-gnu/libtinfo.so.6.2)
==607==    by 0x4AAB522: _nc_read_termtype (in /usr/lib/x86_64-linux-gnu/libtinfo.so.6.2)
==607==    by 0x4AAB91C: ??? (in /usr/lib/x86_64-linux-gnu/libtinfo.so.6.2)
==607==    by 0x4AABD13: ??? (in /usr/lib/x86_64-linux-gnu/libtinfo.so.6.2)
==607==    by 0x4AABE44: _nc_read_entry2 (in /usr/lib/x86_64-linux-gnu/libtinfo.so.6.2)
==607==    by 0x4AA49F5: ??? (in /usr/lib/x86_64-linux-gnu/libtinfo.so.6.2)
==607==    by 0x4AA4E04: _nc_setupterm (in /usr/lib/x86_64-linux-gnu/libtinfo.so.6.2)
==607==    by 0x4AA5359: tgetent_sp (in /usr/lib/x86_64-linux-gnu/libtinfo.so.6.2)
==607==    by 0x488075B: _rl_init_terminal_io (in /usr/lib/x86_64-linux-gnu/libreadline.so.8.0)
==607==    by 0x48651FF: rl_initialize (in /usr/lib/x86_64-linux-gnu/libreadline.so.8.0)
==607==    by 0x48654AF: readline (in /usr/lib/x86_64-linux-gnu/libreadline.so.8.0)
==607== 
{
   <insert_a_suppression_name_here>
   Memcheck:Leak
   match-leak-kinds: reachable
   fun:realloc
   fun:_nc_doalloc
   fun:_nc_read_termtype
   obj:/usr/lib/x86_64-linux-gnu/libtinfo.so.6.2
   obj:/usr/lib/x86_64-linux-gnu/libtinfo.so.6.2
   fun:_nc_read_entry2
   obj:/usr/lib/x86_64-linux-gnu/libtinfo.so.6.2
   fun:_nc_setupterm
   fun:tgetent_sp
   fun:_rl_init_terminal_io
   fun:rl_initialize
   fun:readline
}
==607== 256 bytes in 1 blocks are still reachable in loss record 19 of 58
==607==    at 0x483B7F3: malloc (in /usr/lib/x86_64-linux-gnu/valgrind/vgpreload_memcheck-amd64-linux.so)
==607==    by 0x488B00C: xmalloc (in /usr/lib/x86_64-linux-gnu/libreadline.so.8.0)
==607==    by 0x4865466: rl_initialize (in /usr/lib/x86_64-linux-gnu/libreadline.so.8.0)
==607==    by 0x48654AF: readline (in /usr/lib/x86_64-linux-gnu/libreadline.so.8.0)
==607==    by 0x10960D: sh_ex_readline (main.c:27)
==607==    by 0x1098F2: main (main.c:126)
==607== 
{
   <insert_a_suppression_name_here>
   Memcheck:Leak
   match-leak-kinds: reachable
   fun:malloc
   fun:xmalloc
   fun:rl_initialize
   fun:readline
   fun:sh_ex_readline
   fun:main
}
==607== 280 bytes in 1 blocks are still reachable in loss record 20 of 58
==607==    at 0x483DD99: calloc (in /usr/lib/x86_64-linux-gnu/valgrind/vgpreload_memcheck-amd64-linux.so)
==607==    by 0x4AA4DB7: _nc_setupterm (in /usr/lib/x86_64-linux-gnu/libtinfo.so.6.2)
==607==    by 0x4AA5359: tgetent_sp (in /usr/lib/x86_64-linux-gnu/libtinfo.so.6.2)
==607==    by 0x488075B: _rl_init_terminal_io (in /usr/lib/x86_64-linux-gnu/libreadline.so.8.0)
==607==    by 0x48651FF: rl_initialize (in /usr/lib/x86_64-linux-gnu/libreadline.so.8.0)
==607==    by 0x48654AF: readline (in /usr/lib/x86_64-linux-gnu/libreadline.so.8.0)
==607==    by 0x10960D: sh_ex_readline (main.c:27)
==607==    by 0x1098F2: main (main.c:126)
==607== 
{
   <insert_a_suppression_name_here>
   Memcheck:Leak
   match-leak-kinds: reachable
   fun:calloc
   fun:_nc_setupterm
   fun:tgetent_sp
   fun:_rl_init_terminal_io
   fun:rl_initialize
   fun:readline
   fun:sh_ex_readline
   fun:main
}
==607== 496 bytes in 1 blocks are still reachable in loss record 21 of 58
==607==    at 0x483DD99: calloc (in /usr/lib/x86_64-linux-gnu/valgrind/vgpreload_memcheck-amd64-linux.so)
==607==    by 0x4AAB78B: _nc_read_termtype (in /usr/lib/x86_64-linux-gnu/libtinfo.so.6.2)
==607==    by 0x4AAB91C: ??? (in /usr/lib/x86_64-linux-gnu/libtinfo.so.6.2)
==607==    by 0x4AABD13: ??? (in /usr/lib/x86_64-linux-gnu/libtinfo.so.6.2)
==607==    by 0x4AABE44: _nc_read_entry2 (in /usr/lib/x86_64-linux-gnu/libtinfo.so.6.2)
==607==    by 0x4AA49F5: ??? (in /usr/lib/x86_64-linux-gnu/libtinfo.so.6.2)
==607==    by 0x4AA4E04: _nc_setupterm (in /usr/lib/x86_64-linux-gnu/libtinfo.so.6.2)
==607==    by 0x4AA5359: tgetent_sp (in /usr/lib/x86_64-linux-gnu/libtinfo.so.6.2)
==607==    by 0x488075B: _rl_init_terminal_io (in /usr/lib/x86_64-linux-gnu/libreadline.so.8.0)
==607==    by 0x48651FF: rl_initialize (in /usr/lib/x86_64-linux-gnu/libreadline.so.8.0)
==607==    by 0x48654AF: readline (in /usr/lib/x86_64-linux-gnu/libreadline.so.8.0)
==607==    by 0x10960D: sh_ex_readline (main.c:27)
==607== 
{
   <insert_a_suppression_name_here>
   Memcheck:Leak
   match-leak-kinds: reachable
   fun:calloc
   fun:_nc_read_termtype
   obj:/usr/lib/x86_64-linux-gnu/libtinfo.so.6.2
   obj:/usr/lib/x86_64-linux-gnu/libtinfo.so.6.2
   fun:_nc_read_entry2
   obj:/usr/lib/x86_64-linux-gnu/libtinfo.so.6.2
   fun:_nc_setupterm
   fun:tgetent_sp
   fun:_rl_init_terminal_io
   fun:rl_initialize
   fun:readline
   fun:sh_ex_readline
}
==607== 496 bytes in 1 blocks are still reachable in loss record 22 of 58
==607==    at 0x483B7F3: malloc (in /usr/lib/x86_64-linux-gnu/valgrind/vgpreload_memcheck-amd64-linux.so)
==607==    by 0x4AA02D9: ??? (in /usr/lib/x86_64-linux-gnu/libtinfo.so.6.2)
==607==    by 0x4AA4E1B: _nc_setupterm (in /usr/lib/x86_64-linux-gnu/libtinfo.so.6.2)
==607==    by 0x4AA5359: tgetent_sp (in /usr/lib/x86_64-linux-gnu/libtinfo.so.6.2)
==607==    by 0x488075B: _rl_init_terminal_io (in /usr/lib/x86_64-linux-gnu/libreadline.so.8.0)
==607==    by 0x48651FF: rl_initialize (in /usr/lib/x86_64-linux-gnu/libreadline.so.8.0)
==607==    by 0x48654AF: readline (in /usr/lib/x86_64-linux-gnu/libreadline.so.8.0)
==607==    by 0x10960D: sh_ex_readline (main.c:27)
==607==    by 0x1098F2: main (main.c:126)
==607== 
{
   <insert_a_suppression_name_here>
   Memcheck:Leak
   match-leak-kinds: reachable
   fun:malloc
   obj:/usr/lib/x86_64-linux-gnu/libtinfo.so.6.2
   fun:_nc_setupterm
   fun:tgetent_sp
   fun:_rl_init_terminal_io
   fun:rl_initialize
   fun:readline
   fun:sh_ex_readline
   fun:main
}
==607== 755 bytes in 1 blocks are still reachable in loss record 23 of 58
==607==    at 0x483B7F3: malloc (in /usr/lib/x86_64-linux-gnu/valgrind/vgpreload_memcheck-amd64-linux.so)
==607==    by 0x4AAB80B: _nc_read_termtype (in /usr/lib/x86_64-linux-gnu/libtinfo.so.6.2)
==607==    by 0x4AAB91C: ??? (in /usr/lib/x86_64-linux-gnu/libtinfo.so.6.2)
==607==    by 0x4AABD13: ??? (in /usr/lib/x86_64-linux-gnu/libtinfo.so.6.2)
==607==    by 0x4AABE44: _nc_read_entry2 (in /usr/lib/x86_64-linux-gnu/libtinfo.so.6.2)
==607==    by 0x4AA49F5: ??? (in /usr/lib/x86_64-linux-gnu/libtinfo.so.6.2)
==607==    by 0x4AA4E04: _nc_setupterm (in /usr/lib/x86_64-linux-gnu/libtinfo.so.6.2)
==607==    by 0x4AA5359: tgetent_sp (in /usr/lib/x86_64-linux-gnu/libtinfo.so.6.2)
==607==    by 0x488075B: _rl_init_terminal_io (in /usr/lib/x86_64-linux-gnu/libreadline.so.8.0)
==607==    by 0x48651FF: rl_initialize (in /usr/lib/x86_64-linux-gnu/libreadline.so.8.0)
==607==    by 0x48654AF: readline (in /usr/lib/x86_64-linux-gnu/libreadline.so.8.0)
==607==    by 0x10960D: sh_ex_readline (main.c:27)
==607== 
{
   <insert_a_suppression_name_here>
   Memcheck:Leak
   match-leak-kinds: reachable
   fun:malloc
   fun:_nc_read_termtype
   obj:/usr/lib/x86_64-linux-gnu/libtinfo.so.6.2
   obj:/usr/lib/x86_64-linux-gnu/libtinfo.so.6.2
   fun:_nc_read_entry2
   obj:/usr/lib/x86_64-linux-gnu/libtinfo.so.6.2
   fun:_nc_setupterm
   fun:tgetent_sp
   fun:_rl_init_terminal_io
   fun:rl_initialize
   fun:readline
   fun:sh_ex_readline
}
==607== 1,024 bytes in 1 blocks are still reachable in loss record 24 of 58
==607==    at 0x483B7F3: malloc (in /usr/lib/x86_64-linux-gnu/valgrind/vgpreload_memcheck-amd64-linux.so)
==607==    by 0x488B00C: xmalloc (in /usr/lib/x86_64-linux-gnu/libreadline.so.8.0)
==607==    by 0x4875B8A: ??? (in /usr/lib/x86_64-linux-gnu/libreadline.so.8.0)
==607==    by 0x487B0E6: rl_redisplay (in /usr/lib/x86_64-linux-gnu/libreadline.so.8.0)
==607==    by 0x48640F6: readline_internal_setup (in /usr/lib/x86_64-linux-gnu/libreadline.so.8.0)
==607==    by 0x48654D3: readline (in /usr/lib/x86_64-linux-gnu/libreadline.so.8.0)
==607==    by 0x10960D: sh_ex_readline (main.c:27)
==607==    by 0x1098F2: main (main.c:126)
==607== 
{
   <insert_a_suppression_name_here>
   Memcheck:Leak
   match-leak-kinds: reachable
   fun:malloc
   fun:xmalloc
   obj:/usr/lib/x86_64-linux-gnu/libreadline.so.8.0
   fun:rl_redisplay
   fun:readline_internal_setup
   fun:readline
   fun:sh_ex_readline
   fun:main
}
==607== 1,024 bytes in 1 blocks are still reachable in loss record 25 of 58
==607==    at 0x483B7F3: malloc (in /usr/lib/x86_64-linux-gnu/valgrind/vgpreload_memcheck-amd64-linux.so)
==607==    by 0x488B00C: xmalloc (in /usr/lib/x86_64-linux-gnu/libreadline.so.8.0)
==607==    by 0x4875BA0: ??? (in /usr/lib/x86_64-linux-gnu/libreadline.so.8.0)
==607==    by 0x487B0E6: rl_redisplay (in /usr/lib/x86_64-linux-gnu/libreadline.so.8.0)
==607==    by 0x48640F6: readline_internal_setup (in /usr/lib/x86_64-linux-gnu/libreadline.so.8.0)
==607==    by 0x48654D3: readline (in /usr/lib/x86_64-linux-gnu/libreadline.so.8.0)
==607==    by 0x10960D: sh_ex_readline (main.c:27)
==607==    by 0x1098F2: main (main.c:126)
==607== 
{
   <insert_a_suppression_name_here>
   Memcheck:Leak
   match-leak-kinds: reachable
   fun:malloc
   fun:xmalloc
   obj:/usr/lib/x86_64-linux-gnu/libreadline.so.8.0
   fun:rl_redisplay
   fun:readline_internal_setup
   fun:readline
   fun:sh_ex_readline
   fun:main
}
==607== 1,024 bytes in 1 blocks are still reachable in loss record 26 of 58
==607==    at 0x483B7F3: malloc (in /usr/lib/x86_64-linux-gnu/valgrind/vgpreload_memcheck-amd64-linux.so)
==607==    by 0x488B00C: xmalloc (in /usr/lib/x86_64-linux-gnu/libreadline.so.8.0)
==607==    by 0x4875BE8: ??? (in /usr/lib/x86_64-linux-gnu/libreadline.so.8.0)
==607==    by 0x487B0E6: rl_redisplay (in /usr/lib/x86_64-linux-gnu/libreadline.so.8.0)
==607==    by 0x48640F6: readline_internal_setup (in /usr/lib/x86_64-linux-gnu/libreadline.so.8.0)
==607==    by 0x48654D3: readline (in /usr/lib/x86_64-linux-gnu/libreadline.so.8.0)
==607==    by 0x10960D: sh_ex_readline (main.c:27)
==607==    by 0x1098F2: main (main.c:126)
==607== 
{
   <insert_a_suppression_name_here>
   Memcheck:Leak
   match-leak-kinds: reachable
   fun:malloc
   fun:xmalloc
   obj:/usr/lib/x86_64-linux-gnu/libreadline.so.8.0
   fun:rl_redisplay
   fun:readline_internal_setup
   fun:readline
   fun:sh_ex_readline
   fun:main
}
==607== 1,024 bytes in 1 blocks are still reachable in loss record 27 of 58
==607==    at 0x483B7F3: malloc (in /usr/lib/x86_64-linux-gnu/valgrind/vgpreload_memcheck-amd64-linux.so)
==607==    by 0x488B00C: xmalloc (in /usr/lib/x86_64-linux-gnu/libreadline.so.8.0)
==607==    by 0x4875C07: ??? (in /usr/lib/x86_64-linux-gnu/libreadline.so.8.0)
==607==    by 0x487B0E6: rl_redisplay (in /usr/lib/x86_64-linux-gnu/libreadline.so.8.0)
==607==    by 0x48640F6: readline_internal_setup (in /usr/lib/x86_64-linux-gnu/libreadline.so.8.0)
==607==    by 0x48654D3: readline (in /usr/lib/x86_64-linux-gnu/libreadline.so.8.0)
==607==    by 0x10960D: sh_ex_readline (main.c:27)
==607==    by 0x1098F2: main (main.c:126)
==607== 
{
   <insert_a_suppression_name_here>
   Memcheck:Leak
   match-leak-kinds: reachable
   fun:malloc
   fun:xmalloc
   obj:/usr/lib/x86_64-linux-gnu/libreadline.so.8.0
   fun:rl_redisplay
   fun:readline_internal_setup
   fun:readline
   fun:sh_ex_readline
   fun:main
}
==607== 1,024 bytes in 1 blocks are still reachable in loss record 28 of 58
==607==    at 0x483B7F3: malloc (in /usr/lib/x86_64-linux-gnu/valgrind/vgpreload_memcheck-amd64-linux.so)
==607==    by 0x488B00C: xmalloc (in /usr/lib/x86_64-linux-gnu/libreadline.so.8.0)
==607==    by 0x4875C1F: ??? (in /usr/lib/x86_64-linux-gnu/libreadline.so.8.0)
==607==    by 0x487B0E6: rl_redisplay (in /usr/lib/x86_64-linux-gnu/libreadline.so.8.0)
==607==    by 0x48640F6: readline_internal_setup (in /usr/lib/x86_64-linux-gnu/libreadline.so.8.0)
==607==    by 0x48654D3: readline (in /usr/lib/x86_64-linux-gnu/libreadline.so.8.0)
==607==    by 0x10960D: sh_ex_readline (main.c:27)
==607==    by 0x1098F2: main (main.c:126)
==607== 
{
   <insert_a_suppression_name_here>
   Memcheck:Leak
   match-leak-kinds: reachable
   fun:malloc
   fun:xmalloc
   obj:/usr/lib/x86_64-linux-gnu/libreadline.so.8.0
   fun:rl_redisplay
   fun:readline_internal_setup
   fun:readline
   fun:sh_ex_readline
   fun:main
}
==607== 1,024 bytes in 1 blocks are still reachable in loss record 29 of 58
==607==    at 0x483B7F3: malloc (in /usr/lib/x86_64-linux-gnu/valgrind/vgpreload_memcheck-amd64-linux.so)
==607==    by 0x488B00C: xmalloc (in /usr/lib/x86_64-linux-gnu/libreadline.so.8.0)
==607==    by 0x4875C37: ??? (in /usr/lib/x86_64-linux-gnu/libreadline.so.8.0)
==607==    by 0x487B0E6: rl_redisplay (in /usr/lib/x86_64-linux-gnu/libreadline.so.8.0)
==607==    by 0x48640F6: readline_internal_setup (in /usr/lib/x86_64-linux-gnu/libreadline.so.8.0)
==607==    by 0x48654D3: readline (in /usr/lib/x86_64-linux-gnu/libreadline.so.8.0)
==607==    by 0x10960D: sh_ex_readline (main.c:27)
==607==    by 0x1098F2: main (main.c:126)
==607== 
{
   <insert_a_suppression_name_here>
   Memcheck:Leak
   match-leak-kinds: reachable
   fun:malloc
   fun:xmalloc
   obj:/usr/lib/x86_64-linux-gnu/libreadline.so.8.0
   fun:rl_redisplay
   fun:readline_internal_setup
   fun:readline
   fun:sh_ex_readline
   fun:main
}
==607== 1,486 bytes in 1 blocks are still reachable in loss record 30 of 58
==607==    at 0x483B7F3: malloc (in /usr/lib/x86_64-linux-gnu/valgrind/vgpreload_memcheck-amd64-linux.so)
==607==    by 0x4AAAE82: _nc_read_termtype (in /usr/lib/x86_64-linux-gnu/libtinfo.so.6.2)
==607==    by 0x4AAB91C: ??? (in /usr/lib/x86_64-linux-gnu/libtinfo.so.6.2)
==607==    by 0x4AABD13: ??? (in /usr/lib/x86_64-linux-gnu/libtinfo.so.6.2)
==607==    by 0x4AABE44: _nc_read_entry2 (in /usr/lib/x86_64-linux-gnu/libtinfo.so.6.2)
==607==    by 0x4AA49F5: ??? (in /usr/lib/x86_64-linux-gnu/libtinfo.so.6.2)
==607==    by 0x4AA4E04: _nc_setupterm (in /usr/lib/x86_64-linux-gnu/libtinfo.so.6.2)
==607==    by 0x4AA5359: tgetent_sp (in /usr/lib/x86_64-linux-gnu/libtinfo.so.6.2)
==607==    by 0x488075B: _rl_init_terminal_io (in /usr/lib/x86_64-linux-gnu/libreadline.so.8.0)
==607==    by 0x48651FF: rl_initialize (in /usr/lib/x86_64-linux-gnu/libreadline.so.8.0)
==607==    by 0x48654AF: readline (in /usr/lib/x86_64-linux-gnu/libreadline.so.8.0)
==607==    by 0x10960D: sh_ex_readline (main.c:27)
==607== 
{
   <insert_a_suppression_name_here>
   Memcheck:Leak
   match-leak-kinds: reachable
   fun:malloc
   fun:_nc_read_termtype
   obj:/usr/lib/x86_64-linux-gnu/libtinfo.so.6.2
   obj:/usr/lib/x86_64-linux-gnu/libtinfo.so.6.2
   fun:_nc_read_entry2
   obj:/usr/lib/x86_64-linux-gnu/libtinfo.so.6.2
   fun:_nc_setupterm
   fun:tgetent_sp
   fun:_rl_init_terminal_io
   fun:rl_initialize
   fun:readline
   fun:sh_ex_readline
}
==607== 1,536 bytes in 1 blocks are still reachable in loss record 31 of 58
==607==    at 0x483DFAF: realloc (in /usr/lib/x86_64-linux-gnu/valgrind/vgpreload_memcheck-amd64-linux.so)
==607==    by 0x488B041: xrealloc (in /usr/lib/x86_64-linux-gnu/libreadline.so.8.0)
==607==    by 0x4869944: rl_add_funmap_entry (in /usr/lib/x86_64-linux-gnu/libreadline.so.8.0)
==607==    by 0x4869998: rl_initialize_funmap (in /usr/lib/x86_64-linux-gnu/libreadline.so.8.0)
==607==    by 0x486521C: rl_initialize (in /usr/lib/x86_64-linux-gnu/libreadline.so.8.0)
==607==    by 0x48654AF: readline (in /usr/lib/x86_64-linux-gnu/libreadline.so.8.0)
==607==    by 0x10960D: sh_ex_readline (main.c:27)
==607==    by 0x1098F2: main (main.c:126)
==607== 
{
   <insert_a_suppression_name_here>
   Memcheck:Leak
   match-leak-kinds: reachable
   fun:realloc
   fun:xrealloc
   fun:rl_add_funmap_entry
   fun:rl_initialize_funmap
   fun:rl_initialize
   fun:readline
   fun:sh_ex_readline
   fun:main
}
==607== 2,032 bytes in 1 blocks are still reachable in loss record 32 of 58
==607==    at 0x483B7F3: malloc (in /usr/lib/x86_64-linux-gnu/valgrind/vgpreload_memcheck-amd64-linux.so)
==607==    by 0x488B00C: xmalloc (in /usr/lib/x86_64-linux-gnu/libreadline.so.8.0)
==607==    by 0x4880999: _rl_init_terminal_io (in /usr/lib/x86_64-linux-gnu/libreadline.so.8.0)
==607==    by 0x48651FF: rl_initialize (in /usr/lib/x86_64-linux-gnu/libreadline.so.8.0)
==607==    by 0x48654AF: readline (in /usr/lib/x86_64-linux-gnu/libreadline.so.8.0)
==607==    by 0x10960D: sh_ex_readline (main.c:27)
==607==    by 0x1098F2: main (main.c:126)
==607== 
{
   <insert_a_suppression_name_here>
   Memcheck:Leak
   match-leak-kinds: reachable
   fun:malloc
   fun:xmalloc
   fun:_rl_init_terminal_io
   fun:rl_initialize
   fun:readline
   fun:sh_ex_readline
   fun:main
}
==607== 2,208 bytes in 138 blocks are still reachable in loss record 33 of 58
==607==    at 0x483B7F3: malloc (in /usr/lib/x86_64-linux-gnu/valgrind/vgpreload_memcheck-amd64-linux.so)
==607==    by 0x488B00C: xmalloc (in /usr/lib/x86_64-linux-gnu/libreadline.so.8.0)
==607==    by 0x48698F0: rl_add_funmap_entry (in /usr/lib/x86_64-linux-gnu/libreadline.so.8.0)
==607==    by 0x4869998: rl_initialize_funmap (in /usr/lib/x86_64-linux-gnu/libreadline.so.8.0)
==607==    by 0x486521C: rl_initialize (in /usr/lib/x86_64-linux-gnu/libreadline.so.8.0)
==607==    by 0x48654AF: readline (in /usr/lib/x86_64-linux-gnu/libreadline.so.8.0)
==607==    by 0x10960D: sh_ex_readline (main.c:27)
==607==    by 0x1098F2: main (main.c:126)
==607== 
{
   <insert_a_suppression_name_here>
   Memcheck:Leak
   match-leak-kinds: reachable
   fun:malloc
   fun:xmalloc
   fun:rl_add_funmap_entry
   fun:rl_initialize_funmap
   fun:rl_initialize
   fun:readline
   fun:sh_ex_readline
   fun:main
}
==607== 3,792 bytes in 1 blocks are still reachable in loss record 34 of 58
==607==    at 0x483DFAF: realloc (in /usr/lib/x86_64-linux-gnu/valgrind/vgpreload_memcheck-amd64-linux.so)
==607==    by 0x4AA22C7: _nc_doalloc (in /usr/lib/x86_64-linux-gnu/libtinfo.so.6.2)
==607==    by 0x4AAB540: _nc_read_termtype (in /usr/lib/x86_64-linux-gnu/libtinfo.so.6.2)
==607==    by 0x4AAB91C: ??? (in /usr/lib/x86_64-linux-gnu/libtinfo.so.6.2)
==607==    by 0x4AABD13: ??? (in /usr/lib/x86_64-linux-gnu/libtinfo.so.6.2)
==607==    by 0x4AABE44: _nc_read_entry2 (in /usr/lib/x86_64-linux-gnu/libtinfo.so.6.2)
==607==    by 0x4AA49F5: ??? (in /usr/lib/x86_64-linux-gnu/libtinfo.so.6.2)
==607==    by 0x4AA4E04: _nc_setupterm (in /usr/lib/x86_64-linux-gnu/libtinfo.so.6.2)
==607==    by 0x4AA5359: tgetent_sp (in /usr/lib/x86_64-linux-gnu/libtinfo.so.6.2)
==607==    by 0x488075B: _rl_init_terminal_io (in /usr/lib/x86_64-linux-gnu/libreadline.so.8.0)
==607==    by 0x48651FF: rl_initialize (in /usr/lib/x86_64-linux-gnu/libreadline.so.8.0)
==607==    by 0x48654AF: readline (in /usr/lib/x86_64-linux-gnu/libreadline.so.8.0)
==607== 
{
   <insert_a_suppression_name_here>
   Memcheck:Leak
   match-leak-kinds: reachable
   fun:realloc
   fun:_nc_doalloc
   fun:_nc_read_termtype
   obj:/usr/lib/x86_64-linux-gnu/libtinfo.so.6.2
   obj:/usr/lib/x86_64-linux-gnu/libtinfo.so.6.2
   fun:_nc_read_entry2
   obj:/usr/lib/x86_64-linux-gnu/libtinfo.so.6.2
   fun:_nc_setupterm
   fun:tgetent_sp
   fun:_rl_init_terminal_io
   fun:rl_initialize
   fun:readline
}
==607== 3,792 bytes in 1 blocks are still reachable in loss record 35 of 58
==607==    at 0x483B7F3: malloc (in /usr/lib/x86_64-linux-gnu/valgrind/vgpreload_memcheck-amd64-linux.so)
==607==    by 0x4AA01AF: ??? (in /usr/lib/x86_64-linux-gnu/libtinfo.so.6.2)
==607==    by 0x4AA4E1B: _nc_setupterm (in /usr/lib/x86_64-linux-gnu/libtinfo.so.6.2)
==607==    by 0x4AA5359: tgetent_sp (in /usr/lib/x86_64-linux-gnu/libtinfo.so.6.2)
==607==    by 0x488075B: _rl_init_terminal_io (in /usr/lib/x86_64-linux-gnu/libreadline.so.8.0)
==607==    by 0x48651FF: rl_initialize (in /usr/lib/x86_64-linux-gnu/libreadline.so.8.0)
==607==    by 0x48654AF: readline (in /usr/lib/x86_64-linux-gnu/libreadline.so.8.0)
==607==    by 0x10960D: sh_ex_readline (main.c:27)
==607==    by 0x1098F2: main (main.c:126)
==607== 
{
   <insert_a_suppression_name_here>
   Memcheck:Leak
   match-leak-kinds: reachable
   fun:malloc
   obj:/usr/lib/x86_64-linux-gnu/libtinfo.so.6.2
   fun:_nc_setupterm
   fun:tgetent_sp
   fun:_rl_init_terminal_io
   fun:rl_initialize
   fun:readline
   fun:sh_ex_readline
   fun:main
}
==607== 4,016 bytes in 1 blocks are still reachable in loss record 36 of 58
==607==    at 0x483B7F3: malloc (in /usr/lib/x86_64-linux-gnu/valgrind/vgpreload_memcheck-amd64-linux.so)
==607==    by 0x488B00C: xmalloc (in /usr/lib/x86_64-linux-gnu/libreadline.so.8.0)
==607==    by 0x4884A5B: add_history (in /usr/lib/x86_64-linux-gnu/libreadline.so.8.0)
==607==    by 0x109912: main (main.c:129)
==607== 
{
   <insert_a_suppression_name_here>
   Memcheck:Leak
   match-leak-kinds: reachable
   fun:malloc
   fun:xmalloc
   fun:add_history
   fun:main
}
==607== 4,080 bytes in 1 blocks are still reachable in loss record 37 of 58
==607==    at 0x483B7F3: malloc (in /usr/lib/x86_64-linux-gnu/valgrind/vgpreload_memcheck-amd64-linux.so)
==607==    by 0x488B00C: xmalloc (in /usr/lib/x86_64-linux-gnu/libreadline.so.8.0)
==607==    by 0x48809B9: _rl_init_terminal_io (in /usr/lib/x86_64-linux-gnu/libreadline.so.8.0)
==607==    by 0x48651FF: rl_initialize (in /usr/lib/x86_64-linux-gnu/libreadline.so.8.0)
==607==    by 0x48654AF: readline (in /usr/lib/x86_64-linux-gnu/libreadline.so.8.0)
==607==    by 0x10960D: sh_ex_readline (main.c:27)
==607==    by 0x1098F2: main (main.c:126)
==607== 
{
   <insert_a_suppression_name_here>
   Memcheck:Leak
   match-leak-kinds: reachable
   fun:malloc
   fun:xmalloc
   fun:_rl_init_terminal_io
   fun:rl_initialize
   fun:readline
   fun:sh_ex_readline
   fun:main
}
==607== 4,112 bytes in 1 blocks are still reachable in loss record 38 of 58
==607==    at 0x483B7F3: malloc (in /usr/lib/x86_64-linux-gnu/valgrind/vgpreload_memcheck-amd64-linux.so)
==607==    by 0x488B00C: xmalloc (in /usr/lib/x86_64-linux-gnu/libreadline.so.8.0)
==607==    by 0x4869A91: rl_make_bare_keymap (in /usr/lib/x86_64-linux-gnu/libreadline.so.8.0)
==607==    by 0x4870D79: rl_generic_bind (in /usr/lib/x86_64-linux-gnu/libreadline.so.8.0)
==607==    by 0x4871F1D: rl_bind_keyseq_if_unbound_in_map (in /usr/lib/x86_64-linux-gnu/libreadline.so.8.0)
==607==    by 0x487FF45: ??? (in /usr/lib/x86_64-linux-gnu/libreadline.so.8.0)
==607==    by 0x4880897: _rl_init_terminal_io (in /usr/lib/x86_64-linux-gnu/libreadline.so.8.0)
==607==    by 0x48651FF: rl_initialize (in /usr/lib/x86_64-linux-gnu/libreadline.so.8.0)
==607==    by 0x48654AF: readline (in /usr/lib/x86_64-linux-gnu/libreadline.so.8.0)
==607==    by 0x10960D: sh_ex_readline (main.c:27)
==607==    by 0x1098F2: main (main.c:126)
==607== 
{
   <insert_a_suppression_name_here>
   Memcheck:Leak
   match-leak-kinds: reachable
   fun:malloc
   fun:xmalloc
   fun:rl_make_bare_keymap
   fun:rl_generic_bind
   fun:rl_bind_keyseq_if_unbound_in_map
   obj:/usr/lib/x86_64-linux-gnu/libreadline.so.8.0
   fun:_rl_init_terminal_io
   fun:rl_initialize
   fun:readline
   fun:sh_ex_readline
   fun:main
}
==607== 4,112 bytes in 1 blocks are still reachable in loss record 39 of 58
==607==    at 0x483B7F3: malloc (in /usr/lib/x86_64-linux-gnu/valgrind/vgpreload_memcheck-amd64-linux.so)
==607==    by 0x488B00C: xmalloc (in /usr/lib/x86_64-linux-gnu/libreadline.so.8.0)
==607==    by 0x4869A91: rl_make_bare_keymap (in /usr/lib/x86_64-linux-gnu/libreadline.so.8.0)
==607==    by 0x4870D79: rl_generic_bind (in /usr/lib/x86_64-linux-gnu/libreadline.so.8.0)
==607==    by 0x4871F1D: rl_bind_keyseq_if_unbound_in_map (in /usr/lib/x86_64-linux-gnu/libreadline.so.8.0)
==607==    by 0x487FFCA: ??? (in /usr/lib/x86_64-linux-gnu/libreadline.so.8.0)
==607==    by 0x4880897: _rl_init_terminal_io (in /usr/lib/x86_64-linux-gnu/libreadline.so.8.0)
==607==    by 0x48651FF: rl_initialize (in /usr/lib/x86_64-linux-gnu/libreadline.so.8.0)
==607==    by 0x48654AF: readline (in /usr/lib/x86_64-linux-gnu/libreadline.so.8.0)
==607==    by 0x10960D: sh_ex_readline (main.c:27)
==607==    by 0x1098F2: main (main.c:126)
==607== 
{
   <insert_a_suppression_name_here>
   Memcheck:Leak
   match-leak-kinds: reachable
   fun:malloc
   fun:xmalloc
   fun:rl_make_bare_keymap
   fun:rl_generic_bind
   fun:rl_bind_keyseq_if_unbound_in_map
   obj:/usr/lib/x86_64-linux-gnu/libreadline.so.8.0
   fun:_rl_init_terminal_io
   fun:rl_initialize
   fun:readline
   fun:sh_ex_readline
   fun:main
}
==607== 4,112 bytes in 1 blocks are still reachable in loss record 40 of 58
==607==    at 0x483B7F3: malloc (in /usr/lib/x86_64-linux-gnu/valgrind/vgpreload_memcheck-amd64-linux.so)
==607==    by 0x488B00C: xmalloc (in /usr/lib/x86_64-linux-gnu/libreadline.so.8.0)
==607==    by 0x4869A91: rl_make_bare_keymap (in /usr/lib/x86_64-linux-gnu/libreadline.so.8.0)
==607==    by 0x4870D79: rl_generic_bind (in /usr/lib/x86_64-linux-gnu/libreadline.so.8.0)
==607==    by 0x4871F1D: rl_bind_keyseq_if_unbound_in_map (in /usr/lib/x86_64-linux-gnu/libreadline.so.8.0)
==607==    by 0x487FFCA: ??? (in /usr/lib/x86_64-linux-gnu/libreadline.so.8.0)
==607==    by 0x48808A3: _rl_init_terminal_io (in /usr/lib/x86_64-linux-gnu/libreadline.so.8.0)
==607==    by 0x48651FF: rl_initialize (in /usr/lib/x86_64-linux-gnu/libreadline.so.8.0)
==607==    by 0x48654AF: readline (in /usr/lib/x86_64-linux-gnu/libreadline.so.8.0)
==607==    by 0x10960D: sh_ex_readline (main.c:27)
==607==    by 0x1098F2: main (main.c:126)
==607== 
{
   <insert_a_suppression_name_here>
   Memcheck:Leak
   match-leak-kinds: reachable
   fun:malloc
   fun:xmalloc
   fun:rl_make_bare_keymap
   fun:rl_generic_bind
   fun:rl_bind_keyseq_if_unbound_in_map
   obj:/usr/lib/x86_64-linux-gnu/libreadline.so.8.0
   fun:_rl_init_terminal_io
   fun:rl_initialize
   fun:readline
   fun:sh_ex_readline
   fun:main
}
==607== 4,112 bytes in 1 blocks are still reachable in loss record 41 of 58
==607==    at 0x483B7F3: malloc (in /usr/lib/x86_64-linux-gnu/valgrind/vgpreload_memcheck-amd64-linux.so)
==607==    by 0x488B00C: xmalloc (in /usr/lib/x86_64-linux-gnu/libreadline.so.8.0)
==607==    by 0x4869A91: rl_make_bare_keymap (in /usr/lib/x86_64-linux-gnu/libreadline.so.8.0)
==607==    by 0x4870D79: rl_generic_bind (in /usr/lib/x86_64-linux-gnu/libreadline.so.8.0)
==607==    by 0x4871F1D: rl_bind_keyseq_if_unbound_in_map (in /usr/lib/x86_64-linux-gnu/libreadline.so.8.0)
==607==    by 0x487FFCA: ??? (in /usr/lib/x86_64-linux-gnu/libreadline.so.8.0)
==607==    by 0x48808AF: _rl_init_terminal_io (in /usr/lib/x86_64-linux-gnu/libreadline.so.8.0)
==607==    by 0x48651FF: rl_initialize (in /usr/lib/x86_64-linux-gnu/libreadline.so.8.0)
==607==    by 0x48654AF: readline (in /usr/lib/x86_64-linux-gnu/libreadline.so.8.0)
==607==    by 0x10960D: sh_ex_readline (main.c:27)
==607==    by 0x1098F2: main (main.c:126)
==607== 
{
   <insert_a_suppression_name_here>
   Memcheck:Leak
   match-leak-kinds: reachable
   fun:malloc
   fun:xmalloc
   fun:rl_make_bare_keymap
   fun:rl_generic_bind
   fun:rl_bind_keyseq_if_unbound_in_map
   obj:/usr/lib/x86_64-linux-gnu/libreadline.so.8.0
   fun:_rl_init_terminal_io
   fun:rl_initialize
   fun:readline
   fun:sh_ex_readline
   fun:main
}
==607== 4,112 bytes in 1 blocks are still reachable in loss record 42 of 58
==607==    at 0x483B7F3: malloc (in /usr/lib/x86_64-linux-gnu/valgrind/vgpreload_memcheck-amd64-linux.so)
==607==    by 0x488B00C: xmalloc (in /usr/lib/x86_64-linux-gnu/libreadline.so.8.0)
==607==    by 0x4869A91: rl_make_bare_keymap (in /usr/lib/x86_64-linux-gnu/libreadline.so.8.0)
==607==    by 0x4870D79: rl_generic_bind (in /usr/lib/x86_64-linux-gnu/libreadline.so.8.0)
==607==    by 0x4871F1D: rl_bind_keyseq_if_unbound_in_map (in /usr/lib/x86_64-linux-gnu/libreadline.so.8.0)
==607==    by 0x4863F72: ??? (in /usr/lib/x86_64-linux-gnu/libreadline.so.8.0)
==607==    by 0x4865274: rl_initialize (in /usr/lib/x86_64-linux-gnu/libreadline.so.8.0)
==607==    by 0x48654AF: readline (in /usr/lib/x86_64-linux-gnu/libreadline.so.8.0)
==607==    by 0x10960D: sh_ex_readline (main.c:27)
==607==    by 0x1098F2: main (main.c:126)
==607== 
{
   <insert_a_suppression_name_here>
   Memcheck:Leak
   match-leak-kinds: reachable
   fun:malloc
   fun:xmalloc
   fun:rl_make_bare_keymap
   fun:rl_generic_bind
   fun:rl_bind_keyseq_if_unbound_in_map
   obj:/usr/lib/x86_64-linux-gnu/libreadline.so.8.0
   fun:rl_initialize
   fun:readline
   fun:sh_ex_readline
   fun:main
}
==607== 4,112 bytes in 1 blocks are still reachable in loss record 43 of 58
==607==    at 0x483B7F3: malloc (in /usr/lib/x86_64-linux-gnu/valgrind/vgpreload_memcheck-amd64-linux.so)
==607==    by 0x488B00C: xmalloc (in /usr/lib/x86_64-linux-gnu/libreadline.so.8.0)
==607==    by 0x4869A91: rl_make_bare_keymap (in /usr/lib/x86_64-linux-gnu/libreadline.so.8.0)
==607==    by 0x4870D79: rl_generic_bind (in /usr/lib/x86_64-linux-gnu/libreadline.so.8.0)
==607==    by 0x4871F1D: rl_bind_keyseq_if_unbound_in_map (in /usr/lib/x86_64-linux-gnu/libreadline.so.8.0)
==607==    by 0x4863F72: ??? (in /usr/lib/x86_64-linux-gnu/libreadline.so.8.0)
==607==    by 0x4865283: rl_initialize (in /usr/lib/x86_64-linux-gnu/libreadline.so.8.0)
==607==    by 0x48654AF: readline (in /usr/lib/x86_64-linux-gnu/libreadline.so.8.0)
==607==    by 0x10960D: sh_ex_readline (main.c:27)
==607==    by 0x1098F2: main (main.c:126)
==607== 
{
   <insert_a_suppression_name_here>
   Memcheck:Leak
   match-leak-kinds: reachable
   fun:malloc
   fun:xmalloc
   fun:rl_make_bare_keymap
   fun:rl_generic_bind
   fun:rl_bind_keyseq_if_unbound_in_map
   obj:/usr/lib/x86_64-linux-gnu/libreadline.so.8.0
   fun:rl_initialize
   fun:readline
   fun:sh_ex_readline
   fun:main
}
==607== 4,112 bytes in 1 blocks are still reachable in loss record 44 of 58
==607==    at 0x483B7F3: malloc (in /usr/lib/x86_64-linux-gnu/valgrind/vgpreload_memcheck-amd64-linux.so)
==607==    by 0x488B00C: xmalloc (in /usr/lib/x86_64-linux-gnu/libreadline.so.8.0)
==607==    by 0x4869A91: rl_make_bare_keymap (in /usr/lib/x86_64-linux-gnu/libreadline.so.8.0)
==607==    by 0x4870D79: rl_generic_bind (in /usr/lib/x86_64-linux-gnu/libreadline.so.8.0)
==607==    by 0x4871F1D: rl_bind_keyseq_if_unbound_in_map (in /usr/lib/x86_64-linux-gnu/libreadline.so.8.0)
==607==    by 0x4863F72: ??? (in /usr/lib/x86_64-linux-gnu/libreadline.so.8.0)
==607==    by 0x48652A1: rl_initialize (in /usr/lib/x86_64-linux-gnu/libreadline.so.8.0)
==607==    by 0x48654AF: readline (in /usr/lib/x86_64-linux-gnu/libreadline.so.8.0)
==607==    by 0x10960D: sh_ex_readline (main.c:27)
==607==    by 0x1098F2: main (main.c:126)
==607== 
{
   <insert_a_suppression_name_here>
   Memcheck:Leak
   match-leak-kinds: reachable
   fun:malloc
   fun:xmalloc
   fun:rl_make_bare_keymap
   fun:rl_generic_bind
   fun:rl_bind_keyseq_if_unbound_in_map
   obj:/usr/lib/x86_64-linux-gnu/libreadline.so.8.0
   fun:rl_initialize
   fun:readline
   fun:sh_ex_readline
   fun:main
}
==607== 7,952 bytes in 1 blocks are still reachable in loss record 45 of 58
==607==    at 0x483DD99: calloc (in /usr/lib/x86_64-linux-gnu/valgrind/vgpreload_memcheck-amd64-linux.so)
==607==    by 0x4AA0FA7: ??? (in /usr/lib/x86_64-linux-gnu/libtinfo.so.6.2)
==607==    by 0x4AA179F: _nc_find_type_entry (in /usr/lib/x86_64-linux-gnu/libtinfo.so.6.2)
==607==    by 0x4AA5C9C: tgetstr_sp (in /usr/lib/x86_64-linux-gnu/libtinfo.so.6.2)
==607==    by 0x488079B: _rl_init_terminal_io (in /usr/lib/x86_64-linux-gnu/libreadline.so.8.0)
==607==    by 0x48651FF: rl_initialize (in /usr/lib/x86_64-linux-gnu/libreadline.so.8.0)
==607==    by 0x48654AF: readline (in /usr/lib/x86_64-linux-gnu/libreadline.so.8.0)
==607==    by 0x10960D: sh_ex_readline (main.c:27)
==607==    by 0x1098F2: main (main.c:126)
==607== 
{
   <insert_a_suppression_name_here>
   Memcheck:Leak
   match-leak-kinds: reachable
   fun:calloc
   obj:/usr/lib/x86_64-linux-gnu/libtinfo.so.6.2
   fun:_nc_find_type_entry
   fun:tgetstr_sp
   fun:_rl_init_terminal_io
   fun:rl_initialize
   fun:readline
   fun:sh_ex_readline
   fun:main
}
==607== 8,224 bytes in 2 blocks are still reachable in loss record 46 of 58
==607==    at 0x483B7F3: malloc (in /usr/lib/x86_64-linux-gnu/valgrind/vgpreload_memcheck-amd64-linux.so)
==607==    by 0x488B00C: xmalloc (in /usr/lib/x86_64-linux-gnu/libreadline.so.8.0)
==607==    by 0x4869A91: rl_make_bare_keymap (in /usr/lib/x86_64-linux-gnu/libreadline.so.8.0)
==607==    by 0x4870D79: rl_generic_bind (in /usr/lib/x86_64-linux-gnu/libreadline.so.8.0)
==607==    by 0x4871F1D: rl_bind_keyseq_if_unbound_in_map (in /usr/lib/x86_64-linux-gnu/libreadline.so.8.0)
==607==    by 0x487FFB7: ??? (in /usr/lib/x86_64-linux-gnu/libreadline.so.8.0)
==607==    by 0x4880897: _rl_init_terminal_io (in /usr/lib/x86_64-linux-gnu/libreadline.so.8.0)
==607==    by 0x48651FF: rl_initialize (in /usr/lib/x86_64-linux-gnu/libreadline.so.8.0)
==607==    by 0x48654AF: readline (in /usr/lib/x86_64-linux-gnu/libreadline.so.8.0)
==607==    by 0x10960D: sh_ex_readline (main.c:27)
==607==    by 0x1098F2: main (main.c:126)
==607== 
{
   <insert_a_suppression_name_here>
   Memcheck:Leak
   match-leak-kinds: reachable
   fun:malloc
   fun:xmalloc
   fun:rl_make_bare_keymap
   fun:rl_generic_bind
   fun:rl_bind_keyseq_if_unbound_in_map
   obj:/usr/lib/x86_64-linux-gnu/libreadline.so.8.0
   fun:_rl_init_terminal_io
   fun:rl_initialize
   fun:readline
   fun:sh_ex_readline
   fun:main
}
==607== 8,224 bytes in 2 blocks are still reachable in loss record 47 of 58
==607==    at 0x483B7F3: malloc (in /usr/lib/x86_64-linux-gnu/valgrind/vgpreload_memcheck-amd64-linux.so)
==607==    by 0x488B00C: xmalloc (in /usr/lib/x86_64-linux-gnu/libreadline.so.8.0)
==607==    by 0x4869A91: rl_make_bare_keymap (in /usr/lib/x86_64-linux-gnu/libreadline.so.8.0)
==607==    by 0x4870D79: rl_generic_bind (in /usr/lib/x86_64-linux-gnu/libreadline.so.8.0)
==607==    by 0x4871F1D: rl_bind_keyseq_if_unbound_in_map (in /usr/lib/x86_64-linux-gnu/libreadline.so.8.0)
==607==    by 0x487FF45: ??? (in /usr/lib/x86_64-linux-gnu/libreadline.so.8.0)
==607==    by 0x48808A3: _rl_init_terminal_io (in /usr/lib/x86_64-linux-gnu/libreadline.so.8.0)
==607==    by 0x48651FF: rl_initialize (in /usr/lib/x86_64-linux-gnu/libreadline.so.8.0)
==607==    by 0x48654AF: readline (in /usr/lib/x86_64-linux-gnu/libreadline.so.8.0)
==607==    by 0x10960D: sh_ex_readline (main.c:27)
==607==    by 0x1098F2: main (main.c:126)
==607== 
{
   <insert_a_suppression_name_here>
   Memcheck:Leak
   match-leak-kinds: reachable
   fun:malloc
   fun:xmalloc
   fun:rl_make_bare_keymap
   fun:rl_generic_bind
   fun:rl_bind_keyseq_if_unbound_in_map
   obj:/usr/lib/x86_64-linux-gnu/libreadline.so.8.0
   fun:_rl_init_terminal_io
   fun:rl_initialize
   fun:readline
   fun:sh_ex_readline
   fun:main
}
==607== 8,224 bytes in 2 blocks are still reachable in loss record 48 of 58
==607==    at 0x483B7F3: malloc (in /usr/lib/x86_64-linux-gnu/valgrind/vgpreload_memcheck-amd64-linux.so)
==607==    by 0x488B00C: xmalloc (in /usr/lib/x86_64-linux-gnu/libreadline.so.8.0)
==607==    by 0x4869A91: rl_make_bare_keymap (in /usr/lib/x86_64-linux-gnu/libreadline.so.8.0)
==607==    by 0x4870D79: rl_generic_bind (in /usr/lib/x86_64-linux-gnu/libreadline.so.8.0)
==607==    by 0x4871F1D: rl_bind_keyseq_if_unbound_in_map (in /usr/lib/x86_64-linux-gnu/libreadline.so.8.0)
==607==    by 0x487FFB7: ??? (in /usr/lib/x86_64-linux-gnu/libreadline.so.8.0)
==607==    by 0x48808A3: _rl_init_terminal_io (in /usr/lib/x86_64-linux-gnu/libreadline.so.8.0)
==607==    by 0x48651FF: rl_initialize (in /usr/lib/x86_64-linux-gnu/libreadline.so.8.0)
==607==    by 0x48654AF: readline (in /usr/lib/x86_64-linux-gnu/libreadline.so.8.0)
==607==    by 0x10960D: sh_ex_readline (main.c:27)
==607==    by 0x1098F2: main (main.c:126)
==607== 
{
   <insert_a_suppression_name_here>
   Memcheck:Leak
   match-leak-kinds: reachable
   fun:malloc
   fun:xmalloc
   fun:rl_make_bare_keymap
   fun:rl_generic_bind
   fun:rl_bind_keyseq_if_unbound_in_map
   obj:/usr/lib/x86_64-linux-gnu/libreadline.so.8.0
   fun:_rl_init_terminal_io
   fun:rl_initialize
   fun:readline
   fun:sh_ex_readline
   fun:main
}
==607== 8,224 bytes in 2 blocks are still reachable in loss record 49 of 58
==607==    at 0x483B7F3: malloc (in /usr/lib/x86_64-linux-gnu/valgrind/vgpreload_memcheck-amd64-linux.so)
==607==    by 0x488B00C: xmalloc (in /usr/lib/x86_64-linux-gnu/libreadline.so.8.0)
==607==    by 0x4869A91: rl_make_bare_keymap (in /usr/lib/x86_64-linux-gnu/libreadline.so.8.0)
==607==    by 0x4870D79: rl_generic_bind (in /usr/lib/x86_64-linux-gnu/libreadline.so.8.0)
==607==    by 0x4871F1D: rl_bind_keyseq_if_unbound_in_map (in /usr/lib/x86_64-linux-gnu/libreadline.so.8.0)
==607==    by 0x487FF45: ??? (in /usr/lib/x86_64-linux-gnu/libreadline.so.8.0)
==607==    by 0x48808AF: _rl_init_terminal_io (in /usr/lib/x86_64-linux-gnu/libreadline.so.8.0)
==607==    by 0x48651FF: rl_initialize (in /usr/lib/x86_64-linux-gnu/libreadline.so.8.0)
==607==    by 0x48654AF: readline (in /usr/lib/x86_64-linux-gnu/libreadline.so.8.0)
==607==    by 0x10960D: sh_ex_readline (main.c:27)
==607==    by 0x1098F2: main (main.c:126)
==607== 
{
   <insert_a_suppression_name_here>
   Memcheck:Leak
   match-leak-kinds: reachable
   fun:malloc
   fun:xmalloc
   fun:rl_make_bare_keymap
   fun:rl_generic_bind
   fun:rl_bind_keyseq_if_unbound_in_map
   obj:/usr/lib/x86_64-linux-gnu/libreadline.so.8.0
   fun:_rl_init_terminal_io
   fun:rl_initialize
   fun:readline
   fun:sh_ex_readline
   fun:main
}
==607== 8,224 bytes in 2 blocks are still reachable in loss record 50 of 58
==607==    at 0x483B7F3: malloc (in /usr/lib/x86_64-linux-gnu/valgrind/vgpreload_memcheck-amd64-linux.so)
==607==    by 0x488B00C: xmalloc (in /usr/lib/x86_64-linux-gnu/libreadline.so.8.0)
==607==    by 0x4869A91: rl_make_bare_keymap (in /usr/lib/x86_64-linux-gnu/libreadline.so.8.0)
==607==    by 0x4870D79: rl_generic_bind (in /usr/lib/x86_64-linux-gnu/libreadline.so.8.0)
==607==    by 0x4871F1D: rl_bind_keyseq_if_unbound_in_map (in /usr/lib/x86_64-linux-gnu/libreadline.so.8.0)
==607==    by 0x487FFB7: ??? (in /usr/lib/x86_64-linux-gnu/libreadline.so.8.0)
==607==    by 0x48808AF: _rl_init_terminal_io (in /usr/lib/x86_64-linux-gnu/libreadline.so.8.0)
==607==    by 0x48651FF: rl_initialize (in /usr/lib/x86_64-linux-gnu/libreadline.so.8.0)
==607==    by 0x48654AF: readline (in /usr/lib/x86_64-linux-gnu/libreadline.so.8.0)
==607==    by 0x10960D: sh_ex_readline (main.c:27)
==607==    by 0x1098F2: main (main.c:126)
==607== 
{
   <insert_a_suppression_name_here>
   Memcheck:Leak
   match-leak-kinds: reachable
   fun:malloc
   fun:xmalloc
   fun:rl_make_bare_keymap
   fun:rl_generic_bind
   fun:rl_bind_keyseq_if_unbound_in_map
   obj:/usr/lib/x86_64-linux-gnu/libreadline.so.8.0
   fun:_rl_init_terminal_io
   fun:rl_initialize
   fun:readline
   fun:sh_ex_readline
   fun:main
}
==607== 8,224 bytes in 2 blocks are still reachable in loss record 51 of 58
==607==    at 0x483B7F3: malloc (in /usr/lib/x86_64-linux-gnu/valgrind/vgpreload_memcheck-amd64-linux.so)
==607==    by 0x488B00C: xmalloc (in /usr/lib/x86_64-linux-gnu/libreadline.so.8.0)
==607==    by 0x4869A91: rl_make_bare_keymap (in /usr/lib/x86_64-linux-gnu/libreadline.so.8.0)
==607==    by 0x4870D79: rl_generic_bind (in /usr/lib/x86_64-linux-gnu/libreadline.so.8.0)
==607==    by 0x4871F1D: rl_bind_keyseq_if_unbound_in_map (in /usr/lib/x86_64-linux-gnu/libreadline.so.8.0)
==607==    by 0x4863F63: ??? (in /usr/lib/x86_64-linux-gnu/libreadline.so.8.0)
==607==    by 0x4865274: rl_initialize (in /usr/lib/x86_64-linux-gnu/libreadline.so.8.0)
==607==    by 0x48654AF: readline (in /usr/lib/x86_64-linux-gnu/libreadline.so.8.0)
==607==    by 0x10960D: sh_ex_readline (main.c:27)
==607==    by 0x1098F2: main (main.c:126)
==607== 
{
   <insert_a_suppression_name_here>
   Memcheck:Leak
   match-leak-kinds: reachable
   fun:malloc
   fun:xmalloc
   fun:rl_make_bare_keymap
   fun:rl_generic_bind
   fun:rl_bind_keyseq_if_unbound_in_map
   obj:/usr/lib/x86_64-linux-gnu/libreadline.so.8.0
   fun:rl_initialize
   fun:readline
   fun:sh_ex_readline
   fun:main
}
==607== 8,224 bytes in 2 blocks are still reachable in loss record 52 of 58
==607==    at 0x483B7F3: malloc (in /usr/lib/x86_64-linux-gnu/valgrind/vgpreload_memcheck-amd64-linux.so)
==607==    by 0x488B00C: xmalloc (in /usr/lib/x86_64-linux-gnu/libreadline.so.8.0)
==607==    by 0x4869A91: rl_make_bare_keymap (in /usr/lib/x86_64-linux-gnu/libreadline.so.8.0)
==607==    by 0x4870D79: rl_generic_bind (in /usr/lib/x86_64-linux-gnu/libreadline.so.8.0)
==607==    by 0x4871F1D: rl_bind_keyseq_if_unbound_in_map (in /usr/lib/x86_64-linux-gnu/libreadline.so.8.0)
==607==    by 0x4863F63: ??? (in /usr/lib/x86_64-linux-gnu/libreadline.so.8.0)
==607==    by 0x4865283: rl_initialize (in /usr/lib/x86_64-linux-gnu/libreadline.so.8.0)
==607==    by 0x48654AF: readline (in /usr/lib/x86_64-linux-gnu/libreadline.so.8.0)
==607==    by 0x10960D: sh_ex_readline (main.c:27)
==607==    by 0x1098F2: main (main.c:126)
==607== 
{
   <insert_a_suppression_name_here>
   Memcheck:Leak
   match-leak-kinds: reachable
   fun:malloc
   fun:xmalloc
   fun:rl_make_bare_keymap
   fun:rl_generic_bind
   fun:rl_bind_keyseq_if_unbound_in_map
   obj:/usr/lib/x86_64-linux-gnu/libreadline.so.8.0
   fun:rl_initialize
   fun:readline
   fun:sh_ex_readline
   fun:main
}
==607== 8,224 bytes in 2 blocks are still reachable in loss record 53 of 58
==607==    at 0x483B7F3: malloc (in /usr/lib/x86_64-linux-gnu/valgrind/vgpreload_memcheck-amd64-linux.so)
==607==    by 0x488B00C: xmalloc (in /usr/lib/x86_64-linux-gnu/libreadline.so.8.0)
==607==    by 0x4869A91: rl_make_bare_keymap (in /usr/lib/x86_64-linux-gnu/libreadline.so.8.0)
==607==    by 0x4870D79: rl_generic_bind (in /usr/lib/x86_64-linux-gnu/libreadline.so.8.0)
==607==    by 0x4871F1D: rl_bind_keyseq_if_unbound_in_map (in /usr/lib/x86_64-linux-gnu/libreadline.so.8.0)
==607==    by 0x4863F63: ??? (in /usr/lib/x86_64-linux-gnu/libreadline.so.8.0)
==607==    by 0x48652A1: rl_initialize (in /usr/lib/x86_64-linux-gnu/libreadline.so.8.0)
==607==    by 0x48654AF: readline (in /usr/lib/x86_64-linux-gnu/libreadline.so.8.0)
==607==    by 0x10960D: sh_ex_readline (main.c:27)
==607==    by 0x1098F2: main (main.c:126)
==607== 
{
   <insert_a_suppression_name_here>
   Memcheck:Leak
   match-leak-kinds: reachable
   fun:malloc
   fun:xmalloc
   fun:rl_make_bare_keymap
   fun:rl_generic_bind
   fun:rl_bind_keyseq_if_unbound_in_map
   obj:/usr/lib/x86_64-linux-gnu/libreadline.so.8.0
   fun:rl_initialize
   fun:readline
   fun:sh_ex_readline
   fun:main
}
==607== 8,224 bytes in 2 blocks are still reachable in loss record 54 of 58
==607==    at 0x483B7F3: malloc (in /usr/lib/x86_64-linux-gnu/valgrind/vgpreload_memcheck-amd64-linux.so)
==607==    by 0x488B00C: xmalloc (in /usr/lib/x86_64-linux-gnu/libreadline.so.8.0)
==607==    by 0x4869A91: rl_make_bare_keymap (in /usr/lib/x86_64-linux-gnu/libreadline.so.8.0)
==607==    by 0x4870D79: rl_generic_bind (in /usr/lib/x86_64-linux-gnu/libreadline.so.8.0)
==607==    by 0x4871F1D: rl_bind_keyseq_if_unbound_in_map (in /usr/lib/x86_64-linux-gnu/libreadline.so.8.0)
==607==    by 0x48652BF: rl_initialize (in /usr/lib/x86_64-linux-gnu/libreadline.so.8.0)
==607==    by 0x48654AF: readline (in /usr/lib/x86_64-linux-gnu/libreadline.so.8.0)
==607==    by 0x10960D: sh_ex_readline (main.c:27)
==607==    by 0x1098F2: main (main.c:126)
==607== 
{
   <insert_a_suppression_name_here>
   Memcheck:Leak
   match-leak-kinds: reachable
   fun:malloc
   fun:xmalloc
   fun:rl_make_bare_keymap
   fun:rl_generic_bind
   fun:rl_bind_keyseq_if_unbound_in_map
   fun:rl_initialize
   fun:readline
   fun:sh_ex_readline
   fun:main
}
==607== 8,224 bytes in 2 blocks are still reachable in loss record 55 of 58
==607==    at 0x483B7F3: malloc (in /usr/lib/x86_64-linux-gnu/valgrind/vgpreload_memcheck-amd64-linux.so)
==607==    by 0x488B00C: xmalloc (in /usr/lib/x86_64-linux-gnu/libreadline.so.8.0)
==607==    by 0x4869A91: rl_make_bare_keymap (in /usr/lib/x86_64-linux-gnu/libreadline.so.8.0)
==607==    by 0x4870D79: rl_generic_bind (in /usr/lib/x86_64-linux-gnu/libreadline.so.8.0)
==607==    by 0x4871F1D: rl_bind_keyseq_if_unbound_in_map (in /usr/lib/x86_64-linux-gnu/libreadline.so.8.0)
==607==    by 0x48652D2: rl_initialize (in /usr/lib/x86_64-linux-gnu/libreadline.so.8.0)
==607==    by 0x48654AF: readline (in /usr/lib/x86_64-linux-gnu/libreadline.so.8.0)
==607==    by 0x10960D: sh_ex_readline (main.c:27)
==607==    by 0x1098F2: main (main.c:126)
==607== 
{
   <insert_a_suppression_name_here>
   Memcheck:Leak
   match-leak-kinds: reachable
   fun:malloc
   fun:xmalloc
   fun:rl_make_bare_keymap
   fun:rl_generic_bind
   fun:rl_bind_keyseq_if_unbound_in_map
   fun:rl_initialize
   fun:readline
   fun:sh_ex_readline
   fun:main
}
==607== 12,336 bytes in 3 blocks are still reachable in loss record 56 of 58
==607==    at 0x483B7F3: malloc (in /usr/lib/x86_64-linux-gnu/valgrind/vgpreload_memcheck-amd64-linux.so)
==607==    by 0x488B00C: xmalloc (in /usr/lib/x86_64-linux-gnu/libreadline.so.8.0)
==607==    by 0x4869A91: rl_make_bare_keymap (in /usr/lib/x86_64-linux-gnu/libreadline.so.8.0)
==607==    by 0x4870D79: rl_generic_bind (in /usr/lib/x86_64-linux-gnu/libreadline.so.8.0)
==607==    by 0x4871F1D: rl_bind_keyseq_if_unbound_in_map (in /usr/lib/x86_64-linux-gnu/libreadline.so.8.0)
==607==    by 0x4863F3A: ??? (in /usr/lib/x86_64-linux-gnu/libreadline.so.8.0)
==607==    by 0x4865283: rl_initialize (in /usr/lib/x86_64-linux-gnu/libreadline.so.8.0)
==607==    by 0x48654AF: readline (in /usr/lib/x86_64-linux-gnu/libreadline.so.8.0)
==607==    by 0x10960D: sh_ex_readline (main.c:27)
==607==    by 0x1098F2: main (main.c:126)
==607== 
{
   <insert_a_suppression_name_here>
   Memcheck:Leak
   match-leak-kinds: reachable
   fun:malloc
   fun:xmalloc
   fun:rl_make_bare_keymap
   fun:rl_generic_bind
   fun:rl_bind_keyseq_if_unbound_in_map
   obj:/usr/lib/x86_64-linux-gnu/libreadline.so.8.0
   fun:rl_initialize
   fun:readline
   fun:sh_ex_readline
   fun:main
}
==607== 12,336 bytes in 3 blocks are still reachable in loss record 57 of 58
==607==    at 0x483B7F3: malloc (in /usr/lib/x86_64-linux-gnu/valgrind/vgpreload_memcheck-amd64-linux.so)
==607==    by 0x488B00C: xmalloc (in /usr/lib/x86_64-linux-gnu/libreadline.so.8.0)
==607==    by 0x4869A91: rl_make_bare_keymap (in /usr/lib/x86_64-linux-gnu/libreadline.so.8.0)
==607==    by 0x4870D79: rl_generic_bind (in /usr/lib/x86_64-linux-gnu/libreadline.so.8.0)
==607==    by 0x4871F1D: rl_bind_keyseq_if_unbound_in_map (in /usr/lib/x86_64-linux-gnu/libreadline.so.8.0)
==607==    by 0x4863F3A: ??? (in /usr/lib/x86_64-linux-gnu/libreadline.so.8.0)
==607==    by 0x48652A1: rl_initialize (in /usr/lib/x86_64-linux-gnu/libreadline.so.8.0)
==607==    by 0x48654AF: readline (in /usr/lib/x86_64-linux-gnu/libreadline.so.8.0)
==607==    by 0x10960D: sh_ex_readline (main.c:27)
==607==    by 0x1098F2: main (main.c:126)
==607== 
{
   <insert_a_suppression_name_here>
   Memcheck:Leak
   match-leak-kinds: reachable
   fun:malloc
   fun:xmalloc
   fun:rl_make_bare_keymap
   fun:rl_generic_bind
   fun:rl_bind_keyseq_if_unbound_in_map
   obj:/usr/lib/x86_64-linux-gnu/libreadline.so.8.0
   fun:rl_initialize
   fun:readline
   fun:sh_ex_readline
   fun:main
}
==607== 28,784 bytes in 7 blocks are still reachable in loss record 58 of 58
==607==    at 0x483B7F3: malloc (in /usr/lib/x86_64-linux-gnu/valgrind/vgpreload_memcheck-amd64-linux.so)
==607==    by 0x488B00C: xmalloc (in /usr/lib/x86_64-linux-gnu/libreadline.so.8.0)
==607==    by 0x4869A91: rl_make_bare_keymap (in /usr/lib/x86_64-linux-gnu/libreadline.so.8.0)
==607==    by 0x4870D79: rl_generic_bind (in /usr/lib/x86_64-linux-gnu/libreadline.so.8.0)
==607==    by 0x4872A92: rl_parse_and_bind (in /usr/lib/x86_64-linux-gnu/libreadline.so.8.0)
==607==    by 0x4872C6C: ??? (in /usr/lib/x86_64-linux-gnu/libreadline.so.8.0)
==607==    by 0x4865228: rl_initialize (in /usr/lib/x86_64-linux-gnu/libreadline.so.8.0)
==607==    by 0x48654AF: readline (in /usr/lib/x86_64-linux-gnu/libreadline.so.8.0)
==607==    by 0x10960D: sh_ex_readline (main.c:27)
==607==    by 0x1098F2: main (main.c:126)
==607== 
{
   <insert_a_suppression_name_here>
   Memcheck:Leak
   match-leak-kinds: reachable
   fun:malloc
   fun:xmalloc
   fun:rl_make_bare_keymap
   fun:rl_generic_bind
   fun:rl_parse_and_bind
   obj:/usr/lib/x86_64-linux-gnu/libreadline.so.8.0
   fun:rl_initialize
   fun:readline
   fun:sh_ex_readline
   fun:main
}
==607== LEAK SUMMARY:
==607==    definitely lost: 0 bytes in 0 blocks
==607==    indirectly lost: 0 bytes in 0 blocks
==607==      possibly lost: 0 bytes in 0 blocks
==607==    still reachable: 204,535 bytes in 215 blocks
==607==         suppressed: 0 bytes in 0 blocks
==607== 
==607== For lists of detected and suppressed errors, rerun with: -s
==607== ERROR SUMMARY: 0 errors from 0 contexts (suppressed: 0 from 0)
